Sat Feb 12 13:25:14 EST 2022
c0706a-s12.ufhpc
/blue/soltis/shan158538/Methylation/SLURM
[1] "Processing sample: 1"
methylation statistics per base
summary:
   Min. 1st Qu.  Median    Mean 3rd Qu.    Max. 
   0.00   92.31   97.30   91.18  100.00  100.00 
percentiles:
       0%       10%       20%       30%       40%       50%       60%       70% 
  0.00000  83.33333  90.90909  93.54839  95.45455  97.29730 100.00000 100.00000 
      80%       90%       95%       99%     99.5%     99.9%      100% 
100.00000 100.00000 100.00000 100.00000 100.00000 100.00000 100.00000 

[1] "Processing sample: 2"
methylation statistics per base
summary:
   Min. 1st Qu.  Median    Mean 3rd Qu.    Max. 
   0.00   90.91   96.08   87.80  100.00  100.00 
percentiles:
       0%       10%       20%       30%       40%       50%       60%       70% 
  0.00000  76.00000  89.13043  92.30769  94.44444  96.07843  97.82609 100.00000 
      80%       90%       95%       99%     99.5%     99.9%      100% 
100.00000 100.00000 100.00000 100.00000 100.00000 100.00000 100.00000 

[1] "Processing sample: 3"
methylation statistics per base
summary:
   Min. 1st Qu.  Median    Mean 3rd Qu.    Max. 
   0.00   72.73   90.48   74.65  100.00  100.00 
percentiles:
       0%       10%       20%       30%       40%       50%       60%       70% 
  0.00000   0.00000  57.14286  80.00000  86.30137  90.47619  92.89941  95.83333 
      80%       90%       95%       99%     99.5%     99.9%      100% 
100.00000 100.00000 100.00000 100.00000 100.00000 100.00000 100.00000 

[1] "Processing sample: 4"
methylation statistics per base
summary:
   Min. 1st Qu.  Median    Mean 3rd Qu.    Max. 
   0.00   79.49   92.00   78.66  100.00  100.00 
percentiles:
       0%       10%       20%       30%       40%       50%       60%       70% 
  0.00000   0.00000  70.58824  83.33333  89.10891  92.00000  94.44444  97.56098 
      80%       90%       95%       99%     99.5%     99.9%      100% 
100.00000 100.00000 100.00000 100.00000 100.00000 100.00000 100.00000 

[1] "Processing sample: 5"
methylation statistics per base
summary:
   Min. 1st Qu.  Median    Mean 3rd Qu.    Max. 
   0.00   87.50   94.74   84.95  100.00  100.00 
percentiles:
       0%       10%       20%       30%       40%       50%       60%       70% 
  0.00000  50.00000  83.45324  90.00000  92.50000  94.73684  97.14286 100.00000 
      80%       90%       95%       99%     99.5%     99.9%      100% 
100.00000 100.00000 100.00000 100.00000 100.00000 100.00000 100.00000 

[1] "Processing sample: 6"
methylation statistics per base
summary:
   Min. 1st Qu.  Median    Mean 3rd Qu.    Max. 
   0.00   85.71   94.12   83.60  100.00  100.00 
percentiles:
       0%       10%       20%       30%       40%       50%       60%       70% 
  0.00000  33.33333  81.48148  88.88889  91.66667  94.11765 100.00000 100.00000 
      80%       90%       95%       99%     99.5%     99.9%      100% 
100.00000 100.00000 100.00000 100.00000 100.00000 100.00000 100.00000 

Sat Feb 12 13:43:59 EST 2022
